<?xml version="1.0" encoding="UTF-8"?>
<testsuite name="dev.kata.wordWrap.WordWordWrapShould" tests="6" skipped="0" failures="0" errors="0" timestamp="2023-11-23T14:31:47" hostname="Javiers-MacBook-Pro.local" time="0.018">
  <properties/>
  <testcase name="Wrap a word with no spaces()" classname="dev.kata.wordWrap.WordWordWrapShould" time="0.014"/>
  <testcase name="If there is a blank space insert a line break in the blank space()" classname="dev.kata.wordWrap.WordWordWrapShould" time="0.0"/>
  <testcase name="Wrap a word with spaces and longer()" classname="dev.kata.wordWrap.WordWordWrapShould" time="0.001"/>
  <testcase name="If there is a long blank space insert a line break in the blank space before a long text()" classname="dev.kata.wordWrap.WordWordWrapShould" time="0.001"/>
  <testcase name="If there is a blank space insert a line break in the blank space before a long text()" classname="dev.kata.wordWrap.WordWordWrapShould" time="0.0"/>
  <testcase name="Wrap a word with spaces and max more than length()" classname="dev.kata.wordWrap.WordWordWrapShould" time="0.001"/>
  <system-out><![CDATA[]]></system-out>
  <system-err><![CDATA[]]></system-err>
</testsuite>
